Arguments: 
  /Users/damircosic/.nvm/versions/node/v11.11.0/bin/node /usr/local/Cellar/yarn/1.12.3/libexec/bin/yarn.js add corse

PATH: 
  /usr/local/opt/sqlite/bin:/Users/damircosic/.nvm/versions/node/v11.11.0/bin:/usr/local/mysql/bin:/usr/local/bin:/usr/bin:/bin:/usr/sbin:/sbin:/usr/local/opt/sqlite/bin:/usr/local/mysql/bin

Yarn version: 
  1.12.3

Node version: 
  11.11.0

Platform: 
  darwin x64

Trace: 
  Error: https://registry.yarnpkg.com/corse: Not found
      at Request.params.callback [as _callback] (/usr/local/Cellar/yarn/1.12.3/libexec/lib/cli.js:65894:18)
      at Request.self.callback (/usr/local/Cellar/yarn/1.12.3/libexec/lib/cli.js:129018:22)
      at Request.emit (events.js:197:13)
      at Request.<anonymous> (/usr/local/Cellar/yarn/1.12.3/libexec/lib/cli.js:129990:10)
      at Request.emit (events.js:197:13)
      at IncomingMessage.<anonymous> (/usr/local/Cellar/yarn/1.12.3/libexec/lib/cli.js:129912:12)
      at Object.onceWrapper (events.js:285:13)
      at IncomingMessage.emit (events.js:202:15)
      at endReadableNT (_stream_readable.js:1132:12)
      at processTicksAndRejections (internal/process/next_tick.js:76:17)

npm manifest: 
  {
    "name": "functions",
    "description": "Cloud Functions for Firebase",
    "scripts": {
      "serve": "firebase serve --only functions",
      "shell": "firebase functions:shell",
      "start": "npm run shell",
      "deploy": "firebase deploy --only functions",
      "logs": "firebase functions:log"
    },
    "engines": {
      "node": "11"
    },
    "dependencies": {
      "firebase-admin": "~7.0.0",
      "firebase-functions": "^2.3.0"
    },
    "devDependencies": {
      "firebase-functions-test": "^0.1.6"
    },
    "private": true
  }

yarn manifest: 
  No manifest

Lockfile: 
  No lockfile
