[debug] [2019-09-24T13:18:21.351Z] ----------------------------------------------------------------------
[debug] [2019-09-24T13:18:21.354Z] Command:       /Users/damircosic/.nvm/versions/node/v11.11.0/bin/node /Users/damircosic/.nvm/versions/node/v11.11.0/bin/firebase serve --only functions
[debug] [2019-09-24T13:18:21.354Z] CLI Version:   6.11.0
[debug] [2019-09-24T13:18:21.354Z] Platform:      darwin
[debug] [2019-09-24T13:18:21.354Z] Node Version:  v11.11.0
[debug] [2019-09-24T13:18:21.355Z] Time:          Tue Sep 24 2019 15:18:21 GMT+0200 (Central European Summer Time)
[debug] [2019-09-24T13:18:21.355Z] ----------------------------------------------------------------------
[debug] 
[debug] [2019-09-24T13:18:21.362Z] > command requires scopes: ["email","openid","https://www.googleapis.com/auth/cloudplatformprojects.readonly","https://www.googleapis.com/auth/firebase","https://www.googleapis.com/auth/cloud-platform"]
[debug] [2019-09-24T13:18:21.362Z] > authorizing via signed-in user
[debug] [2019-09-24T13:18:21.363Z] [iam] checking project pwagram-2a2b5 for permissions ["firebase.projects.get"]
[debug] [2019-09-24T13:18:21.364Z] > refreshing access token with scopes: ["email","https://www.googleapis.com/auth/cloud-platform","https://www.googleapis.com/auth/cloudplatformprojects.readonly","https://www.googleapis.com/auth/firebase","openid"]
[debug] [2019-09-24T13:18:21.364Z] >>> HTTP REQUEST POST https://www.googleapis.com/oauth2/v3/token  
 <request body omitted>
[debug] [2019-09-24T13:18:21.517Z] <<< HTTP RESPONSE 200
[debug] [2019-09-24T13:18:21.532Z] >>> HTTP REQUEST POST https://cloudresourcemanager.googleapis.com/v1/projects/pwagram-2a2b5:testIamPermissions  

[debug] [2019-09-24T13:18:22.426Z] <<< HTTP RESPONSE 200
[debug] [2019-09-24T13:18:22.428Z] >>> HTTP REQUEST GET https://cloudresourcemanager.googleapis.com/v1/projects/pwagram-2a2b5  
 
[debug] [2019-09-24T13:18:23.270Z] <<< HTTP RESPONSE 200
[warn] ⚠  Your requested "node" version "8" doesn't match your global version "11"
[debug] [2019-09-24T13:18:23.281Z] >>> HTTP REQUEST GET https://mobilesdk-pa.googleapis.com/v1/projects/992057316317:getServerAppConfig  
 
[debug] [2019-09-24T13:18:23.503Z] <<< HTTP RESPONSE 200
[info] ✔  functions: Emulator started at http://localhost:5000
[info] i  functions: Watching "/Users/damircosic/Documents/projects/pwa-demo/functions" for Cloud Functions...
[debug] [2019-09-24T13:18:23.763Z] Functions runtime initialized.
[debug] [2019-09-24T13:18:23.764Z] Disabled runtime features: {"functions_config_helper":true,"network_filtering":true,"timeout":true,"memory_limiting":true,"protect_env":true,"admin_stubs":true}
[warn] ⚠  TypeError [ERR_INVALID_ARG_VALUE]: The argument 'id' must be a non-empty string. Received ''
    at Module.require (internal/modules/cjs/loader.js:700:11)
    at require (internal/modules/cjs/helpers.js:14:16)
    at InitializeFirebaseAdminStubs (/Users/damircosic/.nvm/versions/node/v11.11.0/lib/node_modules/firebase-tools/lib/emulator/functionsEmulatorRuntime.js:231:18)
    at /Users/damircosic/.nvm/versions/node/v11.11.0/lib/node_modules/firebase-tools/lib/emulator/functionsEmulatorRuntime.js:451:9
    at Generator.next (<anonymous>)
    at /Users/damircosic/.nvm/versions/node/v11.11.0/lib/node_modules/firebase-tools/lib/emulator/functionsEmulatorRuntime.js:7:71
    at new Promise (<anonymous>)
    at __awaiter (/Users/damircosic/.nvm/versions/node/v11.11.0/lib/node_modules/firebase-tools/lib/emulator/functionsEmulatorRuntime.js:3:12)
    at main (/Users/damircosic/.nvm/versions/node/v11.11.0/lib/node_modules/firebase-tools/lib/emulator/functionsEmulatorRuntime.js:421:12)
    at Object.<anonymous> (/Users/damircosic/.nvm/versions/node/v11.11.0/lib/node_modules/firebase-tools/lib/emulator/functionsEmulatorRuntime.js:511:5)
[warn] ⚠  Your function was killed because it raised an unhandled error.
